15:50:18:590  INFO 41908 --- [main] com.hmall.pay.PayApplication             : No active profile set, falling back to 1 default profile: "default"
15:50:19:769  INFO 41908 --- [main] o.s.cloud.context.scope.GenericScope     : BeanFactory id=bfc17e99-3596-3aa8-bf49-297c25642ff3
15:50:20:412  INFO 41908 --- [main] o.s.b.w.embedded.tomcat.TomcatWebServer  : Tomcat initialized with port(s): 8086 (http)
15:50:20:429  INFO 41908 --- [main] o.apache.catalina.core.StandardService   : Starting service [Tomcat]
15:50:20:430  INFO 41908 --- [main] org.apache.catalina.core.StandardEngine  : Starting Servlet engine: [Apache Tomcat/9.0.75]
15:50:20:549  INFO 41908 --- [main] o.a.c.c.C.[Tomcat].[localhost].[/]       : Initializing Spring embedded WebApplicationContext
15:50:20:549  INFO 41908 --- [main] w.s.c.ServletWebServerApplicationContext : Root WebApplicationContext: initialization completed in 1922 ms
15:50:20:749  INFO 41908 --- [main] o.s.c.openfeign.FeignClientFactoryBean   : For 'user-service' URL not provided. Will try picking an instance via load-balancing.
15:50:20:826  INFO 41908 --- [main] o.s.c.openfeign.FeignClientFactoryBean   : For 'trade-service' URL not provided. Will try picking an instance via load-balancing.
15:50:22:600  INFO 41908 --- [main] pertySourcedRequestMappingHandlerMapping : Mapped URL path [/v2/api-docs] onto method [springfox.documentation.swagger2.web.Swagger2ControllerWebMvc#getDocumentation(String, HttpServletRequest)]
15:50:23:088  INFO 41908 --- [main] com.alibaba.nacos.common.remote.client   : [RpcClientFactory] create a new rpc client of 553d2151-f148-4b8c-a959-b1dd31516f1d
15:50:23:088  INFO 41908 --- [main] com.alibaba.nacos.common.remote.client   : [553d2151-f148-4b8c-a959-b1dd31516f1d] RpcClient init label, labels = {module=naming, source=sdk}
15:50:23:090  INFO 41908 --- [main] com.alibaba.nacos.common.remote.client   : [553d2151-f148-4b8c-a959-b1dd31516f1d] RpcClient init, ServerListFactory = com.alibaba.nacos.client.naming.core.ServerListManager
15:50:23:090  INFO 41908 --- [main] com.alibaba.nacos.common.remote.client   : [553d2151-f148-4b8c-a959-b1dd31516f1d] Registry connection listener to current client:com.alibaba.nacos.client.naming.remote.gprc.redo.NamingGrpcRedoService
15:50:23:090  INFO 41908 --- [main] com.alibaba.nacos.common.remote.client   : [553d2151-f148-4b8c-a959-b1dd31516f1d] Register server push request handler:com.alibaba.nacos.client.naming.remote.gprc.NamingPushRequestHandler
15:50:23:091  INFO 41908 --- [main] com.alibaba.nacos.common.remote.client   : [553d2151-f148-4b8c-a959-b1dd31516f1d] Try to connect to server on start up, server: {serverIp = 'localhost', server main port = 8848}
15:50:23:226  INFO 41908 --- [main] com.alibaba.nacos.common.remote.client   : [553d2151-f148-4b8c-a959-b1dd31516f1d] Success to connect to server [localhost:8848] on start up, connectionId = 1739692223951_172.18.0.1_39334
15:50:23:226  INFO 41908 --- [main] com.alibaba.nacos.common.remote.client   : [553d2151-f148-4b8c-a959-b1dd31516f1d] Register server push request handler:com.alibaba.nacos.common.remote.client.RpcClient$ConnectResetRequestHandler
15:50:23:227  INFO 41908 --- [com.alibaba.nacos.client.remote.worker] com.alibaba.nacos.common.remote.client   : [553d2151-f148-4b8c-a959-b1dd31516f1d] Notify connected event to listeners.
15:50:23:227  INFO 41908 --- [main] com.alibaba.nacos.common.remote.client   : [553d2151-f148-4b8c-a959-b1dd31516f1d] Register server push request handler:com.alibaba.nacos.common.remote.client.RpcClient$$Lambda$479/0x00000227014eb250
15:50:23:275  INFO 41908 --- [main] o.s.b.w.embedded.tomcat.TomcatWebServer  : Tomcat started on port(s): 8086 (http) with context path ''
15:50:23:284  INFO 41908 --- [main] c.a.c.n.registry.NacosServiceRegistry    : nacos registry, DEFAULT_GROUP pay-service 192.168.31.116:8086 register finished
15:50:23:491  INFO 41908 --- [main] d.s.w.p.DocumentationPluginsBootstrapper : Documentation plugins bootstrapped
15:50:23:493  INFO 41908 --- [main] d.s.w.p.DocumentationPluginsBootstrapper : Found 1 custom documentation plugin(s)
15:50:23:512  INFO 41908 --- [main] s.d.s.w.s.ApiListingReferenceScanner     : Scanning for api listing references
15:50:23:580  INFO 41908 --- [main] com.hmall.pay.PayApplication             : Started PayApplication in 8.07 seconds (JVM running for 8.79)
15:50:23:584  INFO 41908 --- [main] c.a.c.n.refresh.NacosContextRefresher    : [Nacos Config] Listening config: dataId=pay-service, group=DEFAULT_GROUP
15:50:23:584  INFO 41908 --- [main] c.a.c.n.refresh.NacosContextRefresher    : [Nacos Config] Listening config: dataId=pay-service.yaml, group=DEFAULT_GROUP
15:50:23:788  INFO 41908 --- [nacos-grpc-client-executor-7] com.alibaba.nacos.common.remote.client   : [553d2151-f148-4b8c-a959-b1dd31516f1d] Receive server push request, request = NotifySubscriberRequest, requestId = 9
15:50:23:796  INFO 41908 --- [nacos-grpc-client-executor-7] com.alibaba.nacos.common.remote.client   : [553d2151-f148-4b8c-a959-b1dd31516f1d] Ack server push request, request = NotifySubscriberRequest, requestId = 9
21:20:55:718  WARN 41908 --- [Thread-1] c.a.n.common.http.HttpClientBeanHolder   : [HttpClientBeanHolder] Start destroying common HttpClient
21:20:55:718  WARN 41908 --- [Thread-5] c.a.nacos.common.notify.NotifyCenter     : [NotifyCenter] Start destroying Publisher
21:20:55:724  WARN 41908 --- [Thread-5] c.a.nacos.common.notify.NotifyCenter     : [NotifyCenter] Destruction of the end
21:20:55:728  WARN 41908 --- [Thread-1] c.a.n.common.http.HttpClientBeanHolder   : [HttpClientBeanHolder] Destruction of the end
21:20:55:825  INFO 41908 --- [SpringApplicationShutdownHook] c.a.c.n.registry.NacosServiceRegistry    : De-registering from Nacos Server now...
21:20:55:830  INFO 41908 --- [SpringApplicationShutdownHook] c.a.c.n.registry.NacosServiceRegistry    : De-registration finished.
21:20:56:154  INFO 41908 --- [SpringApplicationShutdownHook] com.alibaba.nacos.common.remote.client   : Shutdown rpc client, set status to shutdown
21:20:56:155  INFO 41908 --- [SpringApplicationShutdownHook] com.alibaba.nacos.common.remote.client   : Shutdown client event executor java.util.concurrent.ScheduledThreadPoolExecutor@4c137448[Running, pool size = 2, active threads = 2, queued tasks = 0, completed tasks = 0]
21:20:56:155  INFO 41908 --- [SpringApplicationShutdownHook] com.alibaba.nacos.common.remote.client   : Close current connection 1739692223951_172.18.0.1_39334
21:20:56:159  INFO 41908 --- [nacos-grpc-client-executor-3974] c.a.n.c.remote.client.grpc.GrpcClient    : [1739692223951_172.18.0.1_39334]Ignore complete event,isRunning:false,isAbandon=false
21:20:56:164  INFO 41908 --- [SpringApplicationShutdownHook] c.a.n.c.remote.client.grpc.GrpcClient    : Shutdown grpc executor java.util.concurrent.ThreadPoolExecutor@3992ccc9[Running, pool size = 5, active threads = 0, queued tasks = 0, completed tasks = 3975]
