15:50:22:632  INFO 12788 --- [main] com.hmall.user.UserApplication           : Starting UserApplication using Java 17.0.13 on L1nSn0w-Laptop with PID 12788 (C:\Users\LinSnow\Desktop\Project\SpringCloud\HMALL_PROJECT\hmall\user-service\target\classes started by LinSnow in C:\Users\LinSnow\Desktop\Project\SpringCloud\HMALL_PROJECT\hmall)
15:50:22:637 DEBUG 12788 --- [main] com.hmall.user.UserApplication           : Running with Spring Boot v2.7.12, Spring v5.3.27
15:50:22:637  INFO 12788 --- [main] com.hmall.user.UserApplication           : The following 1 profile is active: "local"
15:50:23:601  INFO 12788 --- [main] o.s.cloud.context.scope.GenericScope     : BeanFactory id=c2d6a3e4-6e78-3b9d-b90f-f1a00867dea7
15:50:23:986  INFO 12788 --- [main] o.s.b.w.embedded.tomcat.TomcatWebServer  : Tomcat initialized with port(s): 8084 (http)
15:50:23:998  INFO 12788 --- [main] o.apache.catalina.core.StandardService   : Starting service [Tomcat]
15:50:23:998  INFO 12788 --- [main] org.apache.catalina.core.StandardEngine  : Starting Servlet engine: [Apache Tomcat/9.0.75]
15:50:24:091  INFO 12788 --- [main] o.a.c.c.C.[Tomcat].[localhost].[/]       : Initializing Spring embedded WebApplicationContext
15:50:24:091  INFO 12788 --- [main] w.s.c.ServletWebServerApplicationContext : Root WebApplicationContext: initialization completed in 1402 ms
15:50:25:416  INFO 12788 --- [main] pertySourcedRequestMappingHandlerMapping : Mapped URL path [/v2/api-docs] onto method [springfox.documentation.swagger2.web.Swagger2ControllerWebMvc#getDocumentation(String, HttpServletRequest)]
15:50:25:894  INFO 12788 --- [main] com.alibaba.nacos.common.remote.client   : [RpcClientFactory] create a new rpc client of b1484e03-a02c-44e3-99ab-727d2d35ce36
15:50:25:946  INFO 12788 --- [main] org.reflections.Reflections              : Reflections took 24 ms to scan 1 urls, producing 3 keys and 6 values 
15:50:25:972  INFO 12788 --- [main] org.reflections.Reflections              : Reflections took 7 ms to scan 1 urls, producing 4 keys and 9 values 
15:50:25:979  INFO 12788 --- [main] org.reflections.Reflections              : Reflections took 4 ms to scan 1 urls, producing 3 keys and 10 values 
15:50:25:981  WARN 12788 --- [main] org.reflections.Reflections              : given scan urls are empty. set urls in the configuration
15:50:25:986  INFO 12788 --- [main] org.reflections.Reflections              : Reflections took 4 ms to scan 1 urls, producing 1 keys and 5 values 
15:50:25:992  INFO 12788 --- [main] org.reflections.Reflections              : Reflections took 4 ms to scan 1 urls, producing 1 keys and 7 values 
15:50:26:001  INFO 12788 --- [main] org.reflections.Reflections              : Reflections took 6 ms to scan 1 urls, producing 2 keys and 8 values 
15:50:26:003  WARN 12788 --- [main] org.reflections.Reflections              : given scan urls are empty. set urls in the configuration
15:50:26:004  INFO 12788 --- [main] com.alibaba.nacos.common.remote.client   : [b1484e03-a02c-44e3-99ab-727d2d35ce36] RpcClient init label, labels = {module=naming, source=sdk}
15:50:26:005  INFO 12788 --- [main] com.alibaba.nacos.common.remote.client   : [b1484e03-a02c-44e3-99ab-727d2d35ce36] RpcClient init, ServerListFactory = com.alibaba.nacos.client.naming.core.ServerListManager
15:50:26:005  INFO 12788 --- [main] com.alibaba.nacos.common.remote.client   : [b1484e03-a02c-44e3-99ab-727d2d35ce36] Registry connection listener to current client:com.alibaba.nacos.client.naming.remote.gprc.redo.NamingGrpcRedoService
15:50:26:006  INFO 12788 --- [main] com.alibaba.nacos.common.remote.client   : [b1484e03-a02c-44e3-99ab-727d2d35ce36] Register server push request handler:com.alibaba.nacos.client.naming.remote.gprc.NamingPushRequestHandler
15:50:26:007  INFO 12788 --- [main] com.alibaba.nacos.common.remote.client   : [b1484e03-a02c-44e3-99ab-727d2d35ce36] Try to connect to server on start up, server: {serverIp = 'localhost', server main port = 8848}
15:50:26:906  INFO 12788 --- [main] com.alibaba.nacos.common.remote.client   : [b1484e03-a02c-44e3-99ab-727d2d35ce36] Success to connect to server [localhost:8848] on start up, connectionId = 1739692227359_172.18.0.1_39346
15:50:26:906  INFO 12788 --- [com.alibaba.nacos.client.remote.worker] com.alibaba.nacos.common.remote.client   : [b1484e03-a02c-44e3-99ab-727d2d35ce36] Notify connected event to listeners.
15:50:26:907  INFO 12788 --- [main] com.alibaba.nacos.common.remote.client   : [b1484e03-a02c-44e3-99ab-727d2d35ce36] Register server push request handler:com.alibaba.nacos.common.remote.client.RpcClient$ConnectResetRequestHandler
15:50:26:907  INFO 12788 --- [main] com.alibaba.nacos.common.remote.client   : [b1484e03-a02c-44e3-99ab-727d2d35ce36] Register server push request handler:com.alibaba.nacos.common.remote.client.RpcClient$$Lambda$1100/0x00000295be848000
15:50:26:955  INFO 12788 --- [main] o.s.b.w.embedded.tomcat.TomcatWebServer  : Tomcat started on port(s): 8084 (http) with context path ''
15:50:26:965  INFO 12788 --- [main] c.a.c.n.registry.NacosServiceRegistry    : nacos registry, DEFAULT_GROUP user-service 192.168.31.116:8084 register finished
15:50:27:153  INFO 12788 --- [main] d.s.w.p.DocumentationPluginsBootstrapper : Documentation plugins bootstrapped
15:50:27:156  INFO 12788 --- [main] d.s.w.p.DocumentationPluginsBootstrapper : Found 1 custom documentation plugin(s)
15:50:27:177  INFO 12788 --- [main] s.d.s.w.s.ApiListingReferenceScanner     : Scanning for api listing references
15:50:27:258  INFO 12788 --- [main] com.hmall.user.UserApplication           : Started UserApplication in 5.54 seconds (JVM running for 6.266)
15:50:27:501  INFO 12788 --- [nacos-grpc-client-executor-9] com.alibaba.nacos.common.remote.client   : [b1484e03-a02c-44e3-99ab-727d2d35ce36] Receive server push request, request = NotifySubscriberRequest, requestId = 10
15:50:27:512  INFO 12788 --- [nacos-grpc-client-executor-9] com.alibaba.nacos.common.remote.client   : [b1484e03-a02c-44e3-99ab-727d2d35ce36] Ack server push request, request = NotifySubscriberRequest, requestId = 10
21:20:55:708  WARN 12788 --- [Thread-7] c.a.n.common.http.HttpClientBeanHolder   : [HttpClientBeanHolder] Start destroying common HttpClient
21:20:55:709  WARN 12788 --- [Thread-4] c.a.nacos.common.notify.NotifyCenter     : [NotifyCenter] Start destroying Publisher
21:20:55:710  WARN 12788 --- [Thread-4] c.a.nacos.common.notify.NotifyCenter     : [NotifyCenter] Destruction of the end
21:20:55:713  WARN 12788 --- [Thread-7] c.a.n.common.http.HttpClientBeanHolder   : [HttpClientBeanHolder] Destruction of the end
21:20:55:801  INFO 12788 --- [SpringApplicationShutdownHook] c.a.c.n.registry.NacosServiceRegistry    : De-registering from Nacos Server now...
21:20:55:807  INFO 12788 --- [SpringApplicationShutdownHook] c.a.c.n.registry.NacosServiceRegistry    : De-registration finished.
21:20:56:140  INFO 12788 --- [SpringApplicationShutdownHook] com.alibaba.nacos.common.remote.client   : Shutdown rpc client, set status to shutdown
21:20:56:140  INFO 12788 --- [SpringApplicationShutdownHook] com.alibaba.nacos.common.remote.client   : Shutdown client event executor java.util.concurrent.ScheduledThreadPoolExecutor@1303e11a[Running, pool size = 2, active threads = 2, queued tasks = 0, completed tasks = 0]
21:20:56:140  INFO 12788 --- [SpringApplicationShutdownHook] com.alibaba.nacos.common.remote.client   : Close current connection 1739692227359_172.18.0.1_39346
21:20:56:143  INFO 12788 --- [nacos-grpc-client-executor-3980] c.a.n.c.remote.client.grpc.GrpcClient    : [1739692227359_172.18.0.1_39346]Ignore complete event,isRunning:false,isAbandon=false
21:20:56:149  INFO 12788 --- [SpringApplicationShutdownHook] c.a.n.c.remote.client.grpc.GrpcClient    : Shutdown grpc executor java.util.concurrent.ThreadPoolExecutor@6d7f1ff4[Running, pool size = 5, active threads = 0, queued tasks = 0, completed tasks = 3981]
